2016-05-08 07:18:37 [192.168.1.35][1][ojn8racn1mp5sivt5at0hadhv0][error][yii\base\ErrorException:64] exception 'yii\base\ErrorException' with message 'Cannot redeclare app\modules\matching_questions\controllers\MatchingQuestionsController::actionMatching()' in /srv/www/humhub/protected/modules/matching_questions/controllers/MatchingQuestionsController.php:55
Stack trace:
#0 [internal function]: yii\base\ErrorHandler->handleFatalError()
#1 {main}
2016-05-08 07:18:37 [192.168.1.35][1][ojn8racn1mp5sivt5at0hadhv0][info][application] $_GET = [
    'r' => 'matching_questions/matching-questions/matching'
]

$_SERVER = [
    'HTTP_HOST' => '192.168.1.37'
    'HTTP_CONNECTION' => 'keep-alive'
    'HTTP_ACCEPT' => 'text/html,application/xhtml+xml,application/xml;q=0.9,image/webp,*/*;q=0.8'
    'HTTP_UPGRADE_INSECURE_REQUESTS' => '1'
    'HTTP_USER_AGENT' => 'Mozilla/5.0 (Windows NT 10.0; WOW64) AppleWebKit/537.36 (KHTML, like Gecko) Chrome/50.0.2661.94 Safari/537.36'
    'HTTP_REFERER' => 'http://192.168.1.37/humhub/index.php?r=admin%2Fmodule%2Flist'
    'HTTP_ACCEPT_ENCODING' => 'gzip, deflate, sdch'
    'HTTP_ACCEPT_LANGUAGE' => 'pt-BR,pt;q=0.8,en-US;q=0.6,en;q=0.4'
    'HTTP_COOKIE' => 'pm_getting-started-panel=expanded; pm_share-panel=expanded; pm_new-people-panel=expanded; pm_user-statistics-panel=expanded; _csrf=b8b44ab985e6663c0539c57bd72e12f8fd3588ad3f73c148916504d41c5ad005a%3A2%3A%7Bi%3A0%3Bs%3A5%3A%22_csrf%22%3Bi%3A1%3Bs%3A32%3A%22DRGXXc8Hq_prenCAYfUqL7--ZIzuxBfc%22%3B%7D; language=6cb6204808fc846a38a2c8c7f7f7739c70a9f25b6b230b1eb966f9432ba6117da%3A2%3A%7Bi%3A0%3Bs%3A8%3A%22language%22%3Bi%3A1%3Bs%3A2%3A%22en%22%3B%7D; PHPSESSID=ojn8racn1mp5sivt5at0hadhv0; _identity=8854555c76fa821f44c095fb0c4ddaeca03b75a2361cedc86101e8720c89c813a%3A2%3A%7Bi%3A0%3Bs%3A9%3A%22_identity%22%3Bi%3A1%3Bs%3A50%3A%22%5B1%2C%22867ac87f-0429-4329-8d12-5563bc5bf6e9%22%2C2592000%5D%22%3B%7D'
    'PATH' => '/usr/local/sbin:/usr/local/bin:/usr/sbin:/usr/bin:/sbin:/bin'
    'SERVER_SIGNATURE' => '<address>Apache/2.4.7 (Ubuntu) Server at 192.168.1.37 Port 80</address>
'
    'SERVER_SOFTWARE' => 'Apache/2.4.7 (Ubuntu)'
    'SERVER_NAME' => '192.168.1.37'
    'SERVER_ADDR' => '192.168.1.37'
    'SERVER_PORT' => '80'
    'REMOTE_ADDR' => '192.168.1.35'
    'DOCUMENT_ROOT' => '/srv/www'
    'REQUEST_SCHEME' => 'http'
    'CONTEXT_PREFIX' => ''
    'CONTEXT_DOCUMENT_ROOT' => '/srv/www'
    'SERVER_ADMIN' => 'webmaster@localhost'
    'SCRIPT_FILENAME' => '/srv/www/humhub/index.php'
    'REMOTE_PORT' => '54880'
    'GATEWAY_INTERFACE' => 'CGI/1.1'
    'SERVER_PROTOCOL' => 'HTTP/1.1'
    'REQUEST_METHOD' => 'GET'
    'QUERY_STRING' => 'r=matching_questions%2Fmatching-questions%2Fmatching'
    'REQUEST_URI' => '/humhub/index.php?r=matching_questions%2Fmatching-questions%2Fmatching'
    'SCRIPT_NAME' => '/humhub/index.php'
    'PHP_SELF' => '/humhub/index.php'
    'REQUEST_TIME_FLOAT' => 1462702717.452
    'REQUEST_TIME' => 1462702717
]
